app/build/intermediates/manifest_merge_blame_file/debug/manifest-merger-blame-debug-report.txt
1<?xml version="1.0" encoding="utf-8"?>
2<manifest xmlns:android="http://schemas.android.com/apk/res/android"
3    package="com.baatcheat"
4    android:versionCode="1"
5    android:versionName="1.0" >
6
7    <uses-sdk
8        android:minSdkVersion="23"
8-->src\main\AndroidManifest.xml
9        android:targetSdkVersion="29" />
9-->src\main\AndroidManifest.xml
10
11    <uses-permission android:name="android.permission.INTERNET" />
11-->src\main\AndroidManifest.xml:6:5-67
11-->src\main\AndroidManifest.xml:6:22-64
12    <uses-permission android:name="android.permission.ACCESS_COARSE_LOCATION" />
12-->src\main\AndroidManifest.xml:7:5-81
12-->src\main\AndroidManifest.xml:7:22-78
13    <uses-permission android:name="android.permission.INTERNET" />
13-->src\main\AndroidManifest.xml:6:5-67
13-->src\main\AndroidManifest.xml:6:22-64
14    <uses-permission android:name="android.permission.ACCESS_FINE_LOCATION" />
14-->src\main\AndroidManifest.xml:9:5-79
14-->src\main\AndroidManifest.xml:9:22-76
15    <uses-permission android:name="android.permission.CAMERA" />
15-->src\main\AndroidManifest.xml:10:5-65
15-->src\main\AndroidManifest.xml:10:22-62
16
17    <uses-feature android:name="android.hardware.camera" />
17-->src\main\AndroidManifest.xml:12:5-60
17-->src\main\AndroidManifest.xml:12:19-57
18
19    <uses-permission android:name="android.permission.READ_EXTERNAL_STORAGE" /> <!-- Although the *SdkVersion is captured in gradle build files, this is required for non gradle builds -->
19-->[com.myhexaville:smart-image-picker:1.0.4] AndroidManifest.xml:12:5-80
19-->[com.myhexaville:smart-image-picker:1.0.4] AndroidManifest.xml:12:22-77
20    <!-- <uses-sdk android:minSdkVersion="14"/> -->
21    <uses-permission android:name="android.permission.ACCESS_NETWORK_STATE" />
21-->[com.google.firebase:firebase-database:19.4.0] AndroidManifest.xml:25:5-79
21-->[com.google.firebase:firebase-database:19.4.0] AndroidManifest.xml:25:22-76
22    <uses-permission android:name="android.permission.WAKE_LOCK" />
22-->[com.google.android.gms:play-services-measurement:17.5.0] AndroidManifest.xml:25:5-68
22-->[com.google.android.gms:play-services-measurement:17.5.0] AndroidManifest.xml:25:22-65
23    <uses-permission android:name="com.google.android.finsky.permission.BIND_GET_INSTALL_REFERRER_SERVICE" /> <!-- Required by older versions of Google Play services to create IID tokens -->
23-->[com.google.android.gms:play-services-measurement:17.5.0] AndroidManifest.xml:26:5-110
23-->[com.google.android.gms:play-services-measurement:17.5.0] AndroidManifest.xml:26:22-107
24    <uses-permission android:name="com.google.android.c2dm.permission.RECEIVE" />
24-->[com.google.firebase:firebase-iid:20.2.3] AndroidManifest.xml:26:5-82
24-->[com.google.firebase:firebase-iid:20.2.3] AndroidManifest.xml:26:22-79
25
26    <application
26-->src\main\AndroidManifest.xml:14:5-55:19
27        android:allowBackup="true"
27-->src\main\AndroidManifest.xml:15:9-35
28        android:appComponentFactory="androidx.core.app.CoreComponentFactory"
28-->[androidx.core:core:1.3.1] AndroidManifest.xml:24:18-86
29        android:debuggable="true"
30        android:extractNativeLibs="false"
31        android:icon="@mipmap/ic_launcher"
31-->src\main\AndroidManifest.xml:16:9-43
32        android:label="@string/app_name"
32-->src\main\AndroidManifest.xml:17:9-41
33        android:requestLegacyExternalStorage="true"
33-->src\main\AndroidManifest.xml:18:9-52
34        android:roundIcon="@mipmap/ic_launcher_round"
34-->src\main\AndroidManifest.xml:19:9-54
35        android:supportsRtl="true"
35-->src\main\AndroidManifest.xml:20:9-35
36        android:testOnly="true"
37        android:theme="@style/Base.MyTheme"
37-->src\main\AndroidManifest.xml:21:9-44
38        android:usesCleartextTraffic="true" >
38-->src\main\AndroidManifest.xml:24:9-44
39        <activity android:name="com.baatcheat.DisplayProfile" />
39-->src\main\AndroidManifest.xml:25:9-61
39-->src\main\AndroidManifest.xml:25:19-49
40        <activity
40-->src\main\AndroidManifest.xml:26:9-28:52
41            android:name="com.baatcheat.BuildProfile"
41-->src\main\AndroidManifest.xml:27:13-41
42            android:screenOrientation="portrait" />
42-->src\main\AndroidManifest.xml:28:13-49
43        <activity
43-->src\main\AndroidManifest.xml:29:9-32:52
44            android:name="com.baatcheat.SettingsActivity"
44-->src\main\AndroidManifest.xml:30:13-45
45            android:label="@string/title_activity_settings"
45-->src\main\AndroidManifest.xml:31:13-60
46            android:screenOrientation="portrait" />
46-->src\main\AndroidManifest.xml:32:13-49
47        <activity
47-->src\main\AndroidManifest.xml:33:9-35:52
48            android:name="com.baatcheat.MessagingActivity"
48-->src\main\AndroidManifest.xml:34:13-46
49            android:screenOrientation="portrait" />
49-->src\main\AndroidManifest.xml:35:13-49
50        <activity
50-->src\main\AndroidManifest.xml:36:9-38:52
51            android:name="com.baatcheat.MessagingHomepage"
51-->src\main\AndroidManifest.xml:37:13-46
52            android:screenOrientation="portrait" />
52-->src\main\AndroidManifest.xml:38:13-49
53        <activity
53-->src\main\AndroidManifest.xml:39:9-42:52
54            android:name="com.baatcheat.Homepage"
54-->src\main\AndroidManifest.xml:40:13-37
55            android:noHistory="true"
55-->src\main\AndroidManifest.xml:41:13-37
56            android:screenOrientation="portrait" />
56-->src\main\AndroidManifest.xml:42:13-49
57        <activity
57-->src\main\AndroidManifest.xml:43:9-50:20
58            android:name="com.baatcheat.LoginActivity"
58-->src\main\AndroidManifest.xml:44:13-42
59            android:screenOrientation="portrait" >
59-->src\main\AndroidManifest.xml:45:13-49
60            <intent-filter>
60-->src\main\AndroidManifest.xml:46:13-49:29
61                <action android:name="android.intent.action.MAIN" />
61-->src\main\AndroidManifest.xml:47:17-69
61-->src\main\AndroidManifest.xml:47:25-66
62
63                <category android:name="android.intent.category.LAUNCHER" />
63-->src\main\AndroidManifest.xml:48:17-77
63-->src\main\AndroidManifest.xml:48:27-74
64            </intent-filter>
65        </activity>
66
67        <meta-data
67-->src\main\AndroidManifest.xml:52:9-54:57
68            android:name="preloaded_fonts"
68-->src\main\AndroidManifest.xml:53:13-43
69            android:resource="@array/preloaded_fonts" />
69-->src\main\AndroidManifest.xml:54:13-54
70
71        <activity
71-->[com.myhexaville:smart-image-picker:1.0.4] AndroidManifest.xml:18:9-21:47
72            android:name="com.theartofdev.edmodo.cropper.CropImageActivity"
72-->[com.myhexaville:smart-image-picker:1.0.4] AndroidManifest.xml:19:13-76
73            android:screenOrientation="portrait"
73-->[com.myhexaville:smart-image-picker:1.0.4] AndroidManifest.xml:20:13-49
74            android:theme="@style/AppTheme" />
74-->[com.myhexaville:smart-image-picker:1.0.4] AndroidManifest.xml:21:13-44
75
76        <provider
76-->[com.myhexaville:smart-image-picker:1.0.4] AndroidManifest.xml:23:9-31:20
77            android:name="com.myhexaville.smartimagepicker.CustomFileProvider"
77-->[com.myhexaville:smart-image-picker:1.0.4] AndroidManifest.xml:24:13-79
78            android:authorities="com.baatcheat.smart-image-picket-provider"
78-->[com.myhexaville:smart-image-picker:1.0.4] AndroidManifest.xml:25:13-79
79            android:exported="false"
79-->[com.myhexaville:smart-image-picker:1.0.4] AndroidManifest.xml:26:13-37
80            android:grantUriPermissions="true" >
80-->[com.myhexaville:smart-image-picker:1.0.4] AndroidManifest.xml:27:13-47
81            <meta-data
81-->[com.myhexaville:smart-image-picker:1.0.4] AndroidManifest.xml:28:13-30:54
82                android:name="android.support.FILE_PROVIDER_PATHS"
82-->[com.myhexaville:smart-image-picker:1.0.4] AndroidManifest.xml:29:17-67
83                android:resource="@xml/file_paths" />
83-->[com.myhexaville:smart-image-picker:1.0.4] AndroidManifest.xml:30:17-51
84        </provider>
85
86        <activity
86-->[com.google.firebase:firebase-auth:19.4.0] AndroidManifest.xml:24:9-31:50
87            android:name="com.google.firebase.auth.internal.FederatedSignInActivity"
87-->[com.google.firebase:firebase-auth:19.4.0] AndroidManifest.xml:25:13-85
88            android:excludeFromRecents="true"
88-->[com.google.firebase:firebase-auth:19.4.0] AndroidManifest.xml:26:13-46
89            android:exported="true"
89-->[com.google.firebase:firebase-auth:19.4.0] AndroidManifest.xml:27:13-36
90            android:launchMode="singleTask"
90-->[com.google.firebase:firebase-auth:19.4.0] AndroidManifest.xml:28:13-44
91            android:permission="com.google.firebase.auth.api.gms.permission.LAUNCH_FEDERATED_SIGN_IN"
91-->[com.google.firebase:firebase-auth:19.4.0] AndroidManifest.xml:29:13-102
92            android:theme="@android:style/Theme.Translucent.NoTitleBar" />
92-->[com.google.firebase:firebase-auth:19.4.0] AndroidManifest.xml:30:13-72
93
94        <service
94-->[com.google.firebase:firebase-auth:19.4.0] AndroidManifest.xml:33:9-39:19
95            android:name="com.google.firebase.components.ComponentDiscoveryService"
95-->[com.google.firebase:firebase-auth:19.4.0] AndroidManifest.xml:34:13-84
96            android:directBootAware="true"
96-->[com.google.firebase:firebase-common:19.3.1] AndroidManifest.xml:35:13-43
97            android:exported="false" >
97-->[com.google.firebase:firebase-auth:19.4.0] AndroidManifest.xml:35:13-37
98            <meta-data
98-->[com.google.firebase:firebase-auth:19.4.0] AndroidManifest.xml:36:13-38:85
99                android:name="com.google.firebase.components:com.google.firebase.auth.FirebaseAuthRegistrar"
99-->[com.google.firebase:firebase-auth:19.4.0] AndroidManifest.xml:37:17-109
100                android:value="com.google.firebase.components.ComponentRegistrar" />
100-->[com.google.firebase:firebase-auth:19.4.0] AndroidManifest.xml:38:17-82
101            <meta-data
101-->[com.google.firebase:firebase-database:19.4.0] AndroidManifest.xml:32:13-34:85
102                android:name="com.google.firebase.components:com.google.firebase.database.DatabaseRegistrar"
102-->[com.google.firebase:firebase-database:19.4.0] AndroidManifest.xml:33:17-109
103                android:value="com.google.firebase.components.ComponentRegistrar" />
103-->[com.google.firebase:firebase-database:19.4.0] AndroidManifest.xml:34:17-82
104            <meta-data
104-->[com.google.firebase:firebase-firestore:21.6.0] AndroidManifest.xml:20:13-22:85
105                android:name="com.google.firebase.components:com.google.firebase.firestore.FirestoreRegistrar"
105-->[com.google.firebase:firebase-firestore:21.6.0] AndroidManifest.xml:21:17-111
106                android:value="com.google.firebase.components.ComponentRegistrar" />
106-->[com.google.firebase:firebase-firestore:21.6.0] AndroidManifest.xml:22:17-82
107            <meta-data
107-->[com.google.firebase:firebase-storage:19.2.0] AndroidManifest.xml:33:13-35:85
108                android:name="com.google.firebase.components:com.google.firebase.storage.StorageRegistrar"
108-->[com.google.firebase:firebase-storage:19.2.0] AndroidManifest.xml:34:17-107
109                android:value="com.google.firebase.components.ComponentRegistrar" />
109-->[com.google.firebase:firebase-storage:19.2.0] AndroidManifest.xml:35:17-82
110            <meta-data
110-->[com.google.firebase:firebase-messaging:20.2.4] AndroidManifest.xml:39:13-41:85
111                android:name="com.google.firebase.components:com.google.firebase.messaging.FirebaseMessagingRegistrar"
111-->[com.google.firebase:firebase-messaging:20.2.4] AndroidManifest.xml:40:17-119
112                android:value="com.google.firebase.components.ComponentRegistrar" />
112-->[com.google.firebase:firebase-messaging:20.2.4] AndroidManifest.xml:41:17-82
113            <meta-data
113-->[com.google.firebase:firebase-iid:20.2.3] AndroidManifest.xml:32:13-34:85
114                android:name="com.google.firebase.components:com.google.firebase.iid.Registrar"
114-->[com.google.firebase:firebase-iid:20.2.3] AndroidManifest.xml:33:17-96
115                android:value="com.google.firebase.components.ComponentRegistrar" />
115-->[com.google.firebase:firebase-iid:20.2.3] AndroidManifest.xml:34:17-82
116            <meta-data
116-->[com.google.android.gms:play-services-measurement-api:17.5.0] AndroidManifest.xml:30:13-32:85
117                android:name="com.google.firebase.components:com.google.firebase.analytics.connector.internal.AnalyticsConnectorRegistrar"
117-->[com.google.android.gms:play-services-measurement-api:17.5.0] AndroidManifest.xml:31:17-139
118                android:value="com.google.firebase.components.ComponentRegistrar" />
118-->[com.google.android.gms:play-services-measurement-api:17.5.0] AndroidManifest.xml:32:17-82
119            <meta-data
119-->[com.google.firebase:firebase-datatransport:17.0.3] AndroidManifest.xml:28:13-30:85
120                android:name="com.google.firebase.components:com.google.firebase.datatransport.TransportRegistrar"
120-->[com.google.firebase:firebase-datatransport:17.0.3] AndroidManifest.xml:29:17-115
121                android:value="com.google.firebase.components.ComponentRegistrar" />
121-->[com.google.firebase:firebase-datatransport:17.0.3] AndroidManifest.xml:30:17-82
122            <meta-data
122-->[com.google.firebase:firebase-installations:16.3.3] AndroidManifest.xml:17:13-19:85
123                android:name="com.google.firebase.components:com.google.firebase.installations.FirebaseInstallationsRegistrar"
123-->[com.google.firebase:firebase-installations:16.3.3] AndroidManifest.xml:18:17-127
124                android:value="com.google.firebase.components.ComponentRegistrar" />
124-->[com.google.firebase:firebase-installations:16.3.3] AndroidManifest.xml:19:17-82
125        </service>
126        <!--
127             FirebaseMessagingService performs security checks at runtime,
128             but set to not exported to explicitly avoid allowing another app to call it.
129        -->
130        <service
130-->[com.google.firebase:firebase-messaging:20.2.4] AndroidManifest.xml:28:9-35:19
131            android:name="com.google.firebase.messaging.FirebaseMessagingService"
131-->[com.google.firebase:firebase-messaging:20.2.4] AndroidManifest.xml:29:13-82
132            android:directBootAware="true"
132-->[com.google.firebase:firebase-messaging:20.2.4] AndroidManifest.xml:30:13-43
133            android:exported="false" >
133-->[com.google.firebase:firebase-messaging:20.2.4] AndroidManifest.xml:31:13-37
134            <intent-filter android:priority="-500" >
134-->[com.google.firebase:firebase-messaging:20.2.4] AndroidManifest.xml:32:13-34:29
134-->[com.google.firebase:firebase-messaging:20.2.4] AndroidManifest.xml:32:28-51
135                <action android:name="com.google.firebase.MESSAGING_EVENT" />
135-->[com.google.firebase:firebase-messaging:20.2.4] AndroidManifest.xml:33:17-78
135-->[com.google.firebase:firebase-messaging:20.2.4] AndroidManifest.xml:33:25-75
136            </intent-filter>
137        </service>
138
139        <activity
139-->[com.google.android.gms:play-services-auth:18.1.0] AndroidManifest.xml:23:9-27:75
140            android:name="com.google.android.gms.auth.api.signin.internal.SignInHubActivity"
140-->[com.google.android.gms:play-services-auth:18.1.0] AndroidManifest.xml:24:13-93
141            android:excludeFromRecents="true"
141-->[com.google.android.gms:play-services-auth:18.1.0] AndroidManifest.xml:25:13-46
142            android:exported="false"
142-->[com.google.android.gms:play-services-auth:18.1.0] AndroidManifest.xml:26:13-37
143            android:theme="@android:style/Theme.Translucent.NoTitleBar" />
143-->[com.google.android.gms:play-services-auth:18.1.0] AndroidManifest.xml:27:13-72
144        <!--
145            Service handling Google Sign-In user revocation. For apps that do not integrate with
146            Google Sign-In, this service will never be started.
147        -->
148        <service
148-->[com.google.android.gms:play-services-auth:18.1.0] AndroidManifest.xml:33:9-37:51
149            android:name="com.google.android.gms.auth.api.signin.RevocationBoundService"
149-->[com.google.android.gms:play-services-auth:18.1.0] AndroidManifest.xml:34:13-89
150            android:exported="true"
150-->[com.google.android.gms:play-services-auth:18.1.0] AndroidManifest.xml:35:13-36
151            android:permission="com.google.android.gms.auth.api.signin.permission.REVOCATION_NOTIFICATION"
151-->[com.google.android.gms:play-services-auth:18.1.0] AndroidManifest.xml:36:13-107
152            android:visibleToInstantApps="true" />
152-->[com.google.android.gms:play-services-auth:18.1.0] AndroidManifest.xml:37:13-48
153
154        <receiver
154-->[com.google.android.gms:play-services-measurement:17.5.0] AndroidManifest.xml:29:9-33:20
155            android:name="com.google.android.gms.measurement.AppMeasurementReceiver"
155-->[com.google.android.gms:play-services-measurement:17.5.0] AndroidManifest.xml:30:13-85
156            android:enabled="true"
156-->[com.google.android.gms:play-services-measurement:17.5.0] AndroidManifest.xml:31:13-35
157            android:exported="false" >
157-->[com.google.android.gms:play-services-measurement:17.5.0] AndroidManifest.xml:32:13-37
158        </receiver>
159
160        <service
160-->[com.google.android.gms:play-services-measurement:17.5.0] AndroidManifest.xml:35:9-38:40
161            android:name="com.google.android.gms.measurement.AppMeasurementService"
161-->[com.google.android.gms:play-services-measurement:17.5.0] AndroidManifest.xml:36:13-84
162            android:enabled="true"
162-->[com.google.android.gms:play-services-measurement:17.5.0] AndroidManifest.xml:37:13-35
163            android:exported="false" />
163-->[com.google.android.gms:play-services-measurement:17.5.0] AndroidManifest.xml:38:13-37
164        <service
164-->[com.google.android.gms:play-services-measurement:17.5.0] AndroidManifest.xml:39:9-43:72
165            android:name="com.google.android.gms.measurement.AppMeasurementJobService"
165-->[com.google.android.gms:play-services-measurement:17.5.0] AndroidManifest.xml:40:13-87
166            android:enabled="true"
166-->[com.google.android.gms:play-services-measurement:17.5.0] AndroidManifest.xml:41:13-35
167            android:exported="false"
167-->[com.google.android.gms:play-services-measurement:17.5.0] AndroidManifest.xml:42:13-37
168            android:permission="android.permission.BIND_JOB_SERVICE" />
168-->[com.google.android.gms:play-services-measurement:17.5.0] AndroidManifest.xml:43:13-69
169
170        <receiver
170-->[com.google.firebase:firebase-iid:20.2.3] AndroidManifest.xml:37:9-44:20
171            android:name="com.google.firebase.iid.FirebaseInstanceIdReceiver"
171-->[com.google.firebase:firebase-iid:20.2.3] AndroidManifest.xml:38:13-78
172            android:exported="true"
172-->[com.google.firebase:firebase-iid:20.2.3] AndroidManifest.xml:39:13-36
173            android:permission="com.google.android.c2dm.permission.SEND" >
173-->[com.google.firebase:firebase-iid:20.2.3] AndroidManifest.xml:40:13-73
174            <intent-filter>
174-->[com.google.firebase:firebase-iid:20.2.3] AndroidManifest.xml:41:13-43:29
175                <action android:name="com.google.android.c2dm.intent.RECEIVE" />
175-->[com.google.firebase:firebase-iid:20.2.3] AndroidManifest.xml:42:17-81
175-->[com.google.firebase:firebase-iid:20.2.3] AndroidManifest.xml:42:25-78
176            </intent-filter>
177        </receiver>
178
179        <activity
179-->[com.google.android.gms:play-services-base:17.1.0] AndroidManifest.xml:23:9-26:75
180            android:name="com.google.android.gms.common.api.GoogleApiActivity"
180-->[com.google.android.gms:play-services-base:17.1.0] AndroidManifest.xml:24:13-79
181            android:exported="false"
181-->[com.google.android.gms:play-services-base:17.1.0] AndroidManifest.xml:25:13-37
182            android:theme="@android:style/Theme.Translucent.NoTitleBar" />
182-->[com.google.android.gms:play-services-base:17.1.0] AndroidManifest.xml:26:13-72
183
184        <provider
184-->[com.google.firebase:firebase-common:19.3.1] AndroidManifest.xml:26:9-31:39
185            android:name="com.google.firebase.provider.FirebaseInitProvider"
185-->[com.google.firebase:firebase-common:19.3.1] AndroidManifest.xml:27:13-77
186            android:authorities="com.baatcheat.firebaseinitprovider"
186-->[com.google.firebase:firebase-common:19.3.1] AndroidManifest.xml:28:13-72
187            android:directBootAware="true"
187-->[com.google.firebase:firebase-common:19.3.1] AndroidManifest.xml:29:13-43
188            android:exported="false"
188-->[com.google.firebase:firebase-common:19.3.1] AndroidManifest.xml:30:13-37
189            android:initOrder="100" />
189-->[com.google.firebase:firebase-common:19.3.1] AndroidManifest.xml:31:13-36
190
191        <meta-data
191-->[com.google.android.gms:play-services-basement:17.1.1] AndroidManifest.xml:23:9-25:69
192            android:name="com.google.android.gms.version"
192-->[com.google.android.gms:play-services-basement:17.1.1] AndroidManifest.xml:24:13-58
193            android:value="@integer/google_play_services_version" />
193-->[com.google.android.gms:play-services-basement:17.1.1] AndroidManifest.xml:25:13-66
194
195        <service
195-->[com.google.android.datatransport:transport-backend-cct:2.2.0] AndroidManifest.xml:29:9-35:19
196            android:name="com.google.android.datatransport.runtime.backends.TransportBackendDiscovery"
196-->[com.google.android.datatransport:transport-backend-cct:2.2.0] AndroidManifest.xml:30:13-103
197            android:exported="false" >
197-->[com.google.android.datatransport:transport-backend-cct:2.2.0] AndroidManifest.xml:31:13-37
198            <meta-data
198-->[com.google.android.datatransport:transport-backend-cct:2.2.0] AndroidManifest.xml:32:13-34:39
199                android:name="backend:com.google.android.datatransport.cct.CctBackendFactory"
199-->[com.google.android.datatransport:transport-backend-cct:2.2.0] AndroidManifest.xml:33:17-94
200                android:value="cct" />
200-->[com.google.android.datatransport:transport-backend-cct:2.2.0] AndroidManifest.xml:34:17-36
201        </service>
202        <service
202-->[com.google.android.datatransport:transport-runtime:2.2.0] AndroidManifest.xml:26:9-30:19
203            android:name="com.google.android.datatransport.runtime.scheduling.jobscheduling.JobInfoSchedulerService"
203-->[com.google.android.datatransport:transport-runtime:2.2.0] AndroidManifest.xml:27:13-117
204            android:exported="false"
204-->[com.google.android.datatransport:transport-runtime:2.2.0] AndroidManifest.xml:28:13-37
205            android:permission="android.permission.BIND_JOB_SERVICE" >
205-->[com.google.android.datatransport:transport-runtime:2.2.0] AndroidManifest.xml:29:13-69
206        </service>
207
208        <receiver
208-->[com.google.android.datatransport:transport-runtime:2.2.0] AndroidManifest.xml:32:9-34:40
209            android:name="com.google.android.datatransport.runtime.scheduling.jobscheduling.AlarmManagerSchedulerBroadcastReceiver"
209-->[com.google.android.datatransport:transport-runtime:2.2.0] AndroidManifest.xml:33:13-132
210            android:exported="false" />
210-->[com.google.android.datatransport:transport-runtime:2.2.0] AndroidManifest.xml:34:13-37
211    </application>
212
213</manifest>